[2024-07-26 14:47:58,901] [DEBUG] 发送:4344a500000000
[2024-07-26 14:47:58,901] [DEBUG] 等待读取数据...
[2024-07-26 14:47:58,981] [DEBUG] 收到:5253a500000e56312e315f323032343032303200
[2024-07-26 14:47:58,981] [DEBUG] 串口已连接，通信正常
[2024-07-26 14:47:58,982] [DEBUG] 等待读取huk或判断指令...
[2024-07-26 14:49:52,201] [DEBUG] 收到huk或判断指令:5253b30b0000
[2024-07-26 14:49:52,203] [DEBUG] COM位1 kr烧入失败 次数1
[2024-07-26 14:49:52,204] [DEBUG] 烧入总次数1
[2024-07-26 14:49:52,204] [DEBUG] --------------------------------------------------------------------------------------------------------------------------------------------------------------------------------------------------------
[2024-07-26 14:49:57,236] [DEBUG] 等待读取huk或判断指令...
[2024-07-26 14:50:09,686] [DEBUG] 收到huk或判断指令:5253b30b0000
[2024-07-26 14:50:09,687] [DEBUG] COM位1 kr烧入失败 次数2
[2024-07-26 14:50:09,687] [DEBUG] 烧入总次数2
[2024-07-26 14:50:09,687] [DEBUG] --------------------------------------------------------------------------------------------------------------------------------------------------------------------------------------------------------
[2024-07-26 14:50:14,717] [DEBUG] 等待读取huk或判断指令...
[2024-07-26 14:51:49,671] [DEBUG] 收到huk或判断指令:None
[2024-07-26 14:51:49,671] [DEBUG] [2024-07-26 14:51:49.671459] 停止读取数据
[2024-07-26 14:51:49,671] [ERROR] 错误：停止读取数据
Traceback (most recent call last):
  File "D:\NEW\zfb_tools\zfb_tools\burn_tool\kp_send_recive\KP_send_receive.py", line 118, in Start_send
    self.Data_dispose()  # 进入Kr烧入循环
    ^^^^^^^^^^^^^^^^^^^
  File "D:\NEW\zfb_tools\zfb_tools\burn_tool\kp_send_recive\KP_send_receive.py", line 222, in Data_dispose
    raise Exception("停止读取数据") #抛出没有数据的错误
    ^^^^^^^^^^^^^^^^^^^^^^^^^
Exception: 停止读取数据
[2024-07-26 14:51:50,098] [DEBUG] 发送:4344a500000000
[2024-07-26 14:51:50,098] [DEBUG] 等待读取数据...
[2024-07-26 14:51:50,174] [DEBUG] 收到:5253a500000e56312e315f323032343032303200
[2024-07-26 14:51:50,174] [DEBUG] 串口已连接，通信正常
[2024-07-26 14:51:50,176] [DEBUG] 等待读取huk或判断指令...
[2024-07-26 14:52:42,464] [DEBUG] 收到huk或判断指令:None
[2024-07-26 14:52:42,464] [DEBUG] [2024-07-26 14:52:42.464552] 停止读取数据
[2024-07-26 14:52:42,465] [ERROR] 错误：停止读取数据
Traceback (most recent call last):
  File "D:\NEW\zfb_tools\zfb_tools\burn_tool\kp_send_recive\KP_send_receive.py", line 118, in Start_send
    self.Data_dispose()  # 进入Kr烧入循环
    ^^^^^^^^^^^^^^^^^^^
  File "D:\NEW\zfb_tools\zfb_tools\burn_tool\kp_send_recive\KP_send_receive.py", line 222, in Data_dispose
    raise Exception("停止读取数据") #抛出没有数据的错误
    ^^^^^^^^^^^^^^^^^^^^^^^^^
Exception: 停止读取数据
[2024-07-26 14:52:42,926] [DEBUG] 发送:4344a500000000
[2024-07-26 14:52:42,926] [DEBUG] 等待读取数据...
[2024-07-26 14:52:42,998] [DEBUG] 收到:5253a500000e56312e315f323032343032303200
[2024-07-26 14:52:42,998] [DEBUG] 串口已连接，通信正常
[2024-07-26 14:52:42,999] [DEBUG] 等待读取huk或判断指令...
[2024-07-26 14:52:46,682] [DEBUG] 收到huk或判断指令:5253b30b0000
[2024-07-26 14:52:46,682] [DEBUG] COM位1 kr烧入失败 次数1
[2024-07-26 14:52:46,683] [DEBUG] 烧入总次数1
[2024-07-26 14:52:46,683] [DEBUG] --------------------------------------------------------------------------------------------------------------------------------------------------------------------------------------------------------
[2024-07-26 14:52:51,701] [DEBUG] 等待读取huk或判断指令...
[2024-07-26 14:55:47,396] [DEBUG] 收到huk或判断指令:None
[2024-07-26 14:55:47,397] [DEBUG] [2024-07-26 14:55:47.397031] 停止读取数据
[2024-07-26 14:55:47,397] [ERROR] 错误：停止读取数据
Traceback (most recent call last):
  File "D:\NEW\zfb_tools\zfb_tools\burn_tool\kp_send_recive\KP_send_receive.py", line 118, in Start_send
    self.Data_dispose()  # 进入Kr烧入循环
    ^^^^^^^^^^^^^^^^^^^
  File "D:\NEW\zfb_tools\zfb_tools\burn_tool\kp_send_recive\KP_send_receive.py", line 222, in Data_dispose
    raise Exception("停止读取数据") #抛出没有数据的错误
    ^^^^^^^^^^^^^^^^^^^^^^^^^
Exception: 停止读取数据
[2024-07-26 14:55:47,685] [DEBUG] 发送:4344a500000000
[2024-07-26 14:55:47,685] [DEBUG] 等待读取数据...
[2024-07-26 14:55:47,767] [DEBUG] 收到:5253a500000e56312e315f323032343032303200
[2024-07-26 14:55:47,767] [DEBUG] 串口已连接，通信正常
[2024-07-26 14:55:47,768] [DEBUG] 等待读取huk或判断指令...
[2024-07-26 14:59:47,937] [DEBUG] 收到huk或判断指令:5253b30b0000
[2024-07-26 14:59:47,938] [DEBUG] COM位1 kr烧入失败 次数1
[2024-07-26 14:59:47,938] [DEBUG] 烧入总次数1
[2024-07-26 14:59:47,939] [DEBUG] --------------------------------------------------------------------------------------------------------------------------------------------------------------------------------------------------------
[2024-07-26 14:59:52,996] [DEBUG] 等待读取huk或判断指令...
[2024-07-26 15:00:03,046] [DEBUG] 收到huk或判断指令:5253b30b0000
[2024-07-26 15:00:03,047] [DEBUG] COM位1 kr烧入失败 次数2
[2024-07-26 15:00:03,047] [DEBUG] 烧入总次数2
[2024-07-26 15:00:03,047] [DEBUG] --------------------------------------------------------------------------------------------------------------------------------------------------------------------------------------------------------
[2024-07-26 15:00:08,102] [DEBUG] 等待读取huk或判断指令...
[2024-07-26 15:00:09,513] [DEBUG] 收到huk或判断指令:5253b30b0000
[2024-07-26 15:00:09,515] [DEBUG] COM位1 kr烧入失败 次数3
[2024-07-26 15:00:09,515] [DEBUG] 烧入总次数3
[2024-07-26 15:00:09,515] [DEBUG] --------------------------------------------------------------------------------------------------------------------------------------------------------------------------------------------------------
[2024-07-26 15:00:14,555] [DEBUG] 等待读取huk或判断指令...
[2024-07-26 15:01:10,396] [DEBUG] 收到huk或判断指令:5253b30b0000
[2024-07-26 15:01:10,399] [DEBUG] COM位1 kr烧入失败 次数4
[2024-07-26 15:01:10,399] [DEBUG] 烧入总次数4
[2024-07-26 15:01:10,399] [DEBUG] --------------------------------------------------------------------------------------------------------------------------------------------------------------------------------------------------------
[2024-07-26 15:01:15,452] [DEBUG] 等待读取huk或判断指令...
[2024-07-26 15:01:25,080] [DEBUG] 收到huk或判断指令:5253b30b0000
[2024-07-26 15:01:25,081] [DEBUG] COM位1 kr烧入失败 次数5
[2024-07-26 15:01:25,081] [DEBUG] 烧入总次数5
[2024-07-26 15:01:25,081] [DEBUG] --------------------------------------------------------------------------------------------------------------------------------------------------------------------------------------------------------
[2024-07-26 15:01:30,105] [DEBUG] 等待读取huk或判断指令...
[2024-07-26 15:01:35,854] [DEBUG] 收到huk或判断指令:5253b30b0000
[2024-07-26 15:01:35,855] [DEBUG] COM位1 kr烧入失败 次数6
[2024-07-26 15:01:35,855] [DEBUG] 烧入总次数6
[2024-07-26 15:01:35,855] [DEBUG] --------------------------------------------------------------------------------------------------------------------------------------------------------------------------------------------------------
[2024-07-26 15:01:40,902] [DEBUG] 等待读取huk或判断指令...
[2024-07-26 15:02:10,750] [DEBUG] 收到huk或判断指令:None
[2024-07-26 15:02:10,750] [DEBUG] [2024-07-26 15:02:10.750545] 停止读取数据
[2024-07-26 15:02:10,750] [ERROR] 错误：停止读取数据
Traceback (most recent call last):
  File "D:\NEW\zfb_tools\zfb_tools\burn_tool\kp_send_recive\KP_send_receive.py", line 118, in Start_send
    self.Data_dispose()  # 进入Kr烧入循环
    ^^^^^^^^^^^^^^^^^^^
  File "D:\NEW\zfb_tools\zfb_tools\burn_tool\kp_send_recive\KP_send_receive.py", line 222, in Data_dispose
    raise Exception("停止读取数据") #抛出没有数据的错误
    ^^^^^^^^^^^^^^^^^^^^^^^^^
Exception: 停止读取数据
